<?xml version="1.0" encoding="UTF-8"?>
<!-- Generated by org.testng.reporters.JUnitXMLReporter -->
<testsuite ignored="0" hostname="LAPTOP-VKEB79BA" failures="0" tests="6" name="back-end" time="0.052" errors="0" timestamp="2023-12-09T21:24:29 IST">
  <testcase classname="topic_AdvAnnotations.TestDB" name="testDelete" time="0.005"/>
  <testcase classname="topic_AdvAnnotations.TestDB" name="testInsert" time="0.006"/>
  <testcase classname="topic_AdvAnnotations.TestDB" name="testUpdate" time="0.002"/>
  <testcase classname="topic_AdvAnnotations.TestSecurity" name="closeFileDialog" time="0.004"/>
  <testcase classname="topic_AdvAnnotations.TestSecurity" name="openConfirmationDialog" time="0.005"/>
  <testcase classname="topic_AdvAnnotations.TestSecurity" name="openFileDialog" time="0.002"/>
</testsuite> <!-- back-end -->
