<?xml version="1.0" encoding="UTF-8"?>
<!-- Generated by org.testng.reporters.JUnitXMLReporter -->
<testsuite ignored="0" hostname="LAPTOP-VKEB79BA" failures="0" tests="6" name="front-end" time="0.185" errors="0" timestamp="2023-12-09T21:24:28 IST">
  <testcase classname="topic_AdvAnnotations.TestUI" name="accessCampaignsPage" time="0.009"/>
  <testcase classname="topic_AdvAnnotations.TestUI" name="accessContactUSPage" time="0.007"/>
  <testcase classname="topic_AdvAnnotations.TestUI" name="accessHomePage" time="0.009"/>
  <testcase classname="topic_AdvAnnotations.TestUI2" name="accessCampaignsPage1" time="0.004"/>
  <testcase classname="topic_AdvAnnotations.TestUI2" name="accessContactUSPage1" time="0.002"/>
  <testcase classname="topic_AdvAnnotations.TestUI2" name="accessHomePage1" time="0.001"/>
</testsuite> <!-- front-end -->
