<?xml version="1.0" encoding="UTF-8"?>
<!-- Generated by org.testng.reporters.JUnitXMLReporter -->
<testsuite ignored="1" hostname="LAPTOP-VKEB79BA" failures="0" tests="8" name="Test" time="0.239" errors="0" timestamp="2023-12-09T22:11:39 IST">
  <testcase classname="topic_BeforeAfterGroups.BeforeAfterGroups" name="accessCampaignsPage" time="0.007"/>
  <testcase classname="topic_BeforeAfterGroups.BeforeAfterGroups" name="accessContactUSPage" time="0.001"/>
  <testcase classname="topic_BeforeAfterGroups.BeforeAfterGroups" name="accessHomePage" time="0.002"/>
  <testcase classname="topic_BeforeAfterGroups.BeforeAfterGroups" name="openConfirmationDialog" time="0.005"/>
  <testcase classname="topic_BeforeAfterGroups.BeforeAfterGroups" name="openFileDialog" time="0.005"/>
  <testcase classname="topic_BeforeAfterGroups.BeforeAfterGroups" name="testDelete" time="0.006"/>
  <testcase classname="topic_BeforeAfterGroups.BeforeAfterGroups" name="testInsert" time="0.003"/>
  <testcase classname="topic_BeforeAfterGroups.BeforeAfterGroups" name="testUpdate" time="0.004"/>
  <testcase classname="topic_BeforeAfterGroups.BeforeAfterGroups" name="closeFileDialog" time="0.0">
    <ignored/>
  </testcase> <!-- closeFileDialog -->
</testsuite> <!-- Test -->
