<?xml version="1.0" encoding="UTF-8"?>
<testng-results ignored="0" total="1" passed="1" failed="0" skipped="0">
  <reporter-output>
  </reporter-output>
  <suite started-at="2023-12-10T21:46:41 IST" name="Default suite" finished-at="2023-12-10T21:47:03 IST" duration-ms="21634">
    <groups>
    </groups>
    <test started-at="2023-12-10T21:46:41 IST" name="Default test" finished-at="2023-12-10T21:47:03 IST" duration-ms="21634">
      <class name="framework.Hybride_DDKeywordDriven.DriverScripts">
        <test-method signature="setup()[pri:0, instance:framework.Hybride_DDKeywordDriven.DriverScripts@712625fd]" started-at="2023-12-10T21:46:41 IST" name="setup" finished-at="2023-12-10T21:47:03 IST" duration-ms="21568" status="PASS">
          <reporter-output>
          </reporter-output>
        </test-method> <!-- setup -->
      </class> <!-- framework.Hybride_DDKeywordDriven.DriverScripts -->
    </test> <!-- Default test -->
  </suite> <!-- Default suite -->
</testng-results>
